2019-03-14 08:23:23,842-INFO-it is a test
03/14/2019-INFO-it is a test
03/14/2019 INFO: the http://v6directory.twnic.net.tw/directory.cgi is not exist
03/14/2019 INFO: the http://v6directory.twnic.net.tw/directory.cgi is not exist
03/14/2019 INFO: the http://v6directory.twnic.net.tw/directory.cgi is not exist
03/14/2019 INFO: the http://v6directory.twnic.net.tw/directory.cgi is not exist
03/14/2019 INFO: the http://v6directory.twnic.net.tw/directory.cgi is not exist
03/14/2019 INFO: the http://v6directory.twnic.net.tw/directory.cgi is not exist
03/14/2019 INFO: the http://v6directory.twnic.net.tw/directory.cgi is not exist
03/14/2019 INFO: the http://v6directory.twnic.net.tw/directory.cgi is not exist
03/14/2019 INFO: the http://v6directory.twnic.net.tw/directory.cgi is not exist
03/14/2019 INFO: the http://v6directory.twnic.net.tw/directory.cgi is not exist
03/14/2019 09:06:44 INFO: the http://v6directory.twnic.net.tw/directory.cgi is not exist
03/14/2019 09:12:23 INFO: the http://v6directory.twnic.net.tw/directory.cgi is not exist
03/14/2019 09:13:06 INFO: the http://v6directory.twnic.net.tw/directory.cgi is not exist
03/14/2019 09:13:20 INFO: the http://v6directory.twnic.net.tw/directory.cgi is not exist
03/14/2019 09:13:36 INFO: the http://v6directory.twnic.net.tw/directory.cgi is not exist
03/14/2019 09:15:43 INFO: the http://v6directory.twnic.net.tw/directory.cgi is not exist
03/14/2019 09:28:48 INFO: the http://v6directory.twnic.net.tw/directory.cgi is not exist
03/14/2019 09:28:48 INFO: http://v6directory.twnic.net.tw/directory.cgi SUCCESS
03/14/2019 09:29:22 INFO: the http://v6directory.twnic.net.tw/directory.cgi is not exist
03/14/2019 09:29:23 INFO: http://v6directory.twnic.net.tw/directory.cgi SUCCESS
03/14/2019 09:30:00 INFO: the http://v6directory.twnic.net.tw/directory.cgi is not exist
03/14/2019 09:30:00 INFO: http://v6directory.twnic.net.tw/directory.cgi SUCCESS
03/14/2019 09:31:04 INFO: the http://v6directory.twnic.net.tw/directory.cgi is not exist
03/14/2019 09:31:05 INFO: http://v6directory.twnic.net.tw/directory.cgi SUCCESS
03/14/2019 11:02:33 INFO: the http://v6directory.twnic.net.tw/directory.cgi?more100 is not exist
03/14/2019 11:02:33 INFO: http://v6directory.twnic.net.tw/directory.cgi?more100 SUCCESS
03/14/2019 11:02:36 INFO: the http://v6directory.twnic.net.tw/directory.cgi?more200 is not exist
03/14/2019 11:02:37 INFO: http://v6directory.twnic.net.tw/directory.cgi?more200 SUCCESS
03/14/2019 11:03:09 INFO: the http://v6directory.twnic.net.tw/directory.cgi?more300 is not exist
03/14/2019 11:03:46 INFO: the http://v6directory.twnic.net.tw/directory.cgi?more300 is not exist
03/14/2019 11:03:46 INFO: http://v6directory.twnic.net.tw/directory.cgi?more300 SUCCESS
03/14/2019 11:03:51 INFO: the http://v6directory.twnic.net.tw/directory.cgi?more400 is not exist
03/14/2019 11:03:51 INFO: http://v6directory.twnic.net.tw/directory.cgi?more400 SUCCESS
03/14/2019 11:03:52 INFO: the http://v6directory.twnic.net.tw/directory.cgi?more500 is not exist
03/14/2019 11:03:53 INFO: http://v6directory.twnic.net.tw/directory.cgi?more500 SUCCESS
03/14/2019 11:09:30 INFO: the http://v6directory.twnic.net.tw/directory.cgi?more=100 is not exist
03/14/2019 11:09:31 INFO: http://v6directory.twnic.net.tw/directory.cgi?more=100 SUCCESS
03/14/2019 11:10:37 INFO: the http://v6directory.twnic.net.tw/directory.cgi?more=200 is not exist
03/14/2019 11:10:38 INFO: http://v6directory.twnic.net.tw/directory.cgi?more=200 SUCCESS
03/14/2019 11:10:44 INFO: the http://v6directory.twnic.net.tw/directory.cgi?more=300 is not exist
03/14/2019 11:10:44 INFO: http://v6directory.twnic.net.tw/directory.cgi?more=300 SUCCESS
03/14/2019 11:10:45 INFO: the http://v6directory.twnic.net.tw/directory.cgi?more=400 is not exist
03/14/2019 11:10:46 INFO: http://v6directory.twnic.net.tw/directory.cgi?more=400 SUCCESS
03/14/2019 11:10:53 INFO: the http://v6directory.twnic.net.tw/directory.cgi?more=500 is not exist
03/14/2019 11:10:53 INFO: http://v6directory.twnic.net.tw/directory.cgi?more=500 SUCCESS
03/14/2019 11:10:55 INFO: the http://v6directory.twnic.net.tw/directory.cgi?more=600 is not exist
03/14/2019 11:10:56 INFO: http://v6directory.twnic.net.tw/directory.cgi?more=600 SUCCESS
03/14/2019 11:10:59 INFO: the http://v6directory.twnic.net.tw/directory.cgi?more=700 is not exist
03/14/2019 11:10:59 INFO: http://v6directory.twnic.net.tw/directory.cgi?more=700 SUCCESS
03/14/2019 11:11:06 INFO: the http://v6directory.twnic.net.tw/directory.cgi?more=800 is not exist
03/14/2019 11:11:07 INFO: http://v6directory.twnic.net.tw/directory.cgi?more=800 SUCCESS
03/14/2019 11:11:09 INFO: the http://v6directory.twnic.net.tw/directory.cgi?more=900 is not exist
03/14/2019 11:11:09 INFO: http://v6directory.twnic.net.tw/directory.cgi?more=900 SUCCESS
03/14/2019 11:11:15 INFO: the http://v6directory.twnic.net.tw/directory.cgi?more=1000 is not exist
03/14/2019 11:11:15 INFO: http://v6directory.twnic.net.tw/directory.cgi?more=1000 SUCCESS
03/14/2019 11:11:23 INFO: the http://v6directory.twnic.net.tw/directory.cgi?more=1100 is not exist
03/14/2019 11:11:23 INFO: http://v6directory.twnic.net.tw/directory.cgi?more=1100 SUCCESS
03/14/2019 11:11:30 INFO: the http://v6directory.twnic.net.tw/directory.cgi?more=1200 is not exist
03/14/2019 11:11:30 INFO: http://v6directory.twnic.net.tw/directory.cgi?more=1200 SUCCESS
03/14/2019 11:11:32 INFO: the http://v6directory.twnic.net.tw/directory.cgi?more=1300 is not exist
03/14/2019 11:11:33 INFO: http://v6directory.twnic.net.tw/directory.cgi?more=1300 SUCCESS
03/14/2019 11:11:39 INFO: the http://v6directory.twnic.net.tw/directory.cgi?more=1400 is not exist
03/14/2019 11:11:39 INFO: http://v6directory.twnic.net.tw/directory.cgi?more=1400 SUCCESS
03/14/2019 11:11:45 INFO: the http://v6directory.twnic.net.tw/directory.cgi?more=1500 is not exist
03/14/2019 11:11:46 INFO: http://v6directory.twnic.net.tw/directory.cgi?more=1500 SUCCESS
03/14/2019 11:11:52 INFO: the http://v6directory.twnic.net.tw/directory.cgi?more=1600 is not exist
03/14/2019 11:11:52 INFO: http://v6directory.twnic.net.tw/directory.cgi?more=1600 SUCCESS
03/14/2019 11:11:55 INFO: the http://v6directory.twnic.net.tw/directory.cgi?more=1700 is not exist
03/14/2019 11:11:56 INFO: http://v6directory.twnic.net.tw/directory.cgi?more=1700 SUCCESS
03/14/2019 11:11:58 INFO: the http://v6directory.twnic.net.tw/directory.cgi?more=1800 is not exist
03/14/2019 11:11:58 INFO: http://v6directory.twnic.net.tw/directory.cgi?more=1800 SUCCESS
03/14/2019 11:12:01 INFO: the http://v6directory.twnic.net.tw/directory.cgi?more=1900 is not exist
03/14/2019 11:12:02 INFO: http://v6directory.twnic.net.tw/directory.cgi?more=1900 SUCCESS
03/14/2019 11:12:08 INFO: the http://v6directory.twnic.net.tw/directory.cgi?more=2000 is not exist
03/14/2019 11:12:08 INFO: http://v6directory.twnic.net.tw/directory.cgi?more=2000 SUCCESS
03/14/2019 11:12:11 INFO: the http://v6directory.twnic.net.tw/directory.cgi?more=2100 is not exist
03/14/2019 11:12:12 INFO: http://v6directory.twnic.net.tw/directory.cgi?more=2100 SUCCESS
03/14/2019 11:12:14 INFO: the http://v6directory.twnic.net.tw/directory.cgi?more=2200 is not exist
03/14/2019 11:12:14 INFO: http://v6directory.twnic.net.tw/directory.cgi?more=2200 SUCCESS
03/14/2019 11:12:17 INFO: the http://v6directory.twnic.net.tw/directory.cgi?more=2300 is not exist
03/14/2019 11:12:17 INFO: http://v6directory.twnic.net.tw/directory.cgi?more=2300 SUCCESS
03/14/2019 11:12:24 INFO: the http://v6directory.twnic.net.tw/directory.cgi?more=2400 is not exist
03/14/2019 11:12:25 INFO: http://v6directory.twnic.net.tw/directory.cgi?more=2400 SUCCESS
03/14/2019 11:12:29 INFO: the http://v6directory.twnic.net.tw/directory.cgi?more=2500 is not exist
03/14/2019 11:12:29 INFO: http://v6directory.twnic.net.tw/directory.cgi?more=2500 SUCCESS
03/14/2019 11:12:32 INFO: the http://v6directory.twnic.net.tw/directory.cgi?more=2600 is not exist
03/14/2019 11:12:33 INFO: http://v6directory.twnic.net.tw/directory.cgi?more=2600 SUCCESS
03/14/2019 11:12:34 INFO: the http://v6directory.twnic.net.tw/directory.cgi?more=2700 is not exist
03/14/2019 11:12:34 INFO: http://v6directory.twnic.net.tw/directory.cgi?more=2700 SUCCESS
03/14/2019 11:12:35 INFO: the http://v6directory.twnic.net.tw/directory.cgi?more=2800 is not exist
03/14/2019 11:12:36 INFO: http://v6directory.twnic.net.tw/directory.cgi?more=2800 SUCCESS
03/14/2019 11:12:41 INFO: the http://v6directory.twnic.net.tw/directory.cgi?more=2900 is not exist
03/14/2019 11:12:41 INFO: http://v6directory.twnic.net.tw/directory.cgi?more=2900 SUCCESS
03/14/2019 11:12:47 INFO: the http://v6directory.twnic.net.tw/directory.cgi?more=3000 is not exist
03/14/2019 11:12:48 INFO: http://v6directory.twnic.net.tw/directory.cgi?more=3000 SUCCESS
03/14/2019 11:12:52 INFO: the http://v6directory.twnic.net.tw/directory.cgi?more=3100 is not exist
03/14/2019 11:12:52 INFO: http://v6directory.twnic.net.tw/directory.cgi?more=3100 SUCCESS
03/14/2019 11:12:54 INFO: the http://v6directory.twnic.net.tw/directory.cgi?more=3200 is not exist
03/14/2019 11:12:55 INFO: http://v6directory.twnic.net.tw/directory.cgi?more=3200 SUCCESS
03/14/2019 11:12:56 INFO: the http://v6directory.twnic.net.tw/directory.cgi?more=3300 is not exist
03/14/2019 11:12:56 INFO: http://v6directory.twnic.net.tw/directory.cgi?more=3300 SUCCESS
03/14/2019 11:12:57 INFO: the http://v6directory.twnic.net.tw/directory.cgi?more=3400 is not exist
03/14/2019 11:12:57 INFO: http://v6directory.twnic.net.tw/directory.cgi?more=3400 SUCCESS
03/14/2019 11:13:02 INFO: the http://v6directory.twnic.net.tw/directory.cgi?more=3500 is not exist
03/14/2019 11:13:02 INFO: http://v6directory.twnic.net.tw/directory.cgi?more=3500 SUCCESS
03/14/2019 11:13:06 INFO: the http://v6directory.twnic.net.tw/directory.cgi?more=3600 is not exist
03/14/2019 11:13:07 INFO: http://v6directory.twnic.net.tw/directory.cgi?more=3600 SUCCESS
03/14/2019 11:13:11 INFO: the http://v6directory.twnic.net.tw/directory.cgi?more=3700 is not exist
03/14/2019 11:13:11 INFO: http://v6directory.twnic.net.tw/directory.cgi?more=3700 SUCCESS
03/14/2019 11:13:14 INFO: the http://v6directory.twnic.net.tw/directory.cgi?more=3800 is not exist
03/14/2019 11:13:15 INFO: http://v6directory.twnic.net.tw/directory.cgi?more=3800 SUCCESS
03/14/2019 11:13:16 INFO: the http://v6directory.twnic.net.tw/directory.cgi?more=3900 is not exist
03/14/2019 11:13:31 INFO: http://v6directory.twnic.net.tw/directory.cgi?more=3900 SUCCESS
03/14/2019 11:13:32 INFO: the http://v6directory.twnic.net.tw/directory.cgi?more=4000 is not exist
03/14/2019 11:13:32 INFO: http://v6directory.twnic.net.tw/directory.cgi?more=4000 SUCCESS
03/14/2019 11:13:37 INFO: the http://v6directory.twnic.net.tw/directory.cgi?more=4100 is not exist
03/14/2019 11:13:38 INFO: http://v6directory.twnic.net.tw/directory.cgi?more=4100 SUCCESS
03/14/2019 11:13:40 INFO: the http://v6directory.twnic.net.tw/directory.cgi?more=4200 is not exist
03/14/2019 11:13:40 INFO: http://v6directory.twnic.net.tw/directory.cgi?more=4200 SUCCESS
03/14/2019 11:13:42 INFO: the http://v6directory.twnic.net.tw/directory.cgi?more=4300 is not exist
03/14/2019 11:13:43 INFO: http://v6directory.twnic.net.tw/directory.cgi?more=4300 SUCCESS
03/14/2019 11:13:49 INFO: the http://v6directory.twnic.net.tw/directory.cgi?more=4400 is not exist
03/14/2019 11:13:50 INFO: http://v6directory.twnic.net.tw/directory.cgi?more=4400 SUCCESS
03/14/2019 11:13:51 INFO: the http://v6directory.twnic.net.tw/directory.cgi?more=4500 is not exist
03/14/2019 11:13:52 INFO: http://v6directory.twnic.net.tw/directory.cgi?more=4500 SUCCESS
03/14/2019 11:13:58 INFO: the http://v6directory.twnic.net.tw/directory.cgi?more=4600 is not exist
03/14/2019 11:13:58 INFO: http://v6directory.twnic.net.tw/directory.cgi?more=4600 SUCCESS
03/14/2019 11:14:00 INFO: the http://v6directory.twnic.net.tw/directory.cgi?more=4700 is not exist
03/14/2019 11:14:01 INFO: http://v6directory.twnic.net.tw/directory.cgi?more=4700 SUCCESS
03/14/2019 11:14:03 INFO: the http://v6directory.twnic.net.tw/directory.cgi?more=4800 is not exist
03/14/2019 11:14:03 INFO: http://v6directory.twnic.net.tw/directory.cgi?more=4800 SUCCESS
03/14/2019 11:14:07 INFO: the http://v6directory.twnic.net.tw/directory.cgi?more=4900 is not exist
03/14/2019 11:14:07 INFO: http://v6directory.twnic.net.tw/directory.cgi?more=4900 SUCCESS
03/14/2019 11:14:13 INFO: the http://v6directory.twnic.net.tw/directory.cgi?more=5000 is not exist
03/14/2019 11:14:14 INFO: http://v6directory.twnic.net.tw/directory.cgi?more=5000 SUCCESS
03/14/2019 11:14:20 INFO: the http://v6directory.twnic.net.tw/directory.cgi?more=5100 is not exist
03/14/2019 11:14:20 INFO: http://v6directory.twnic.net.tw/directory.cgi?more=5100 SUCCESS
03/14/2019 11:14:21 INFO: the http://v6directory.twnic.net.tw/directory.cgi?more=5200 is not exist
03/14/2019 11:14:22 INFO: http://v6directory.twnic.net.tw/directory.cgi?more=5200 SUCCESS
03/14/2019 11:14:24 INFO: the http://v6directory.twnic.net.tw/directory.cgi?more=5300 is not exist
03/14/2019 11:14:24 INFO: http://v6directory.twnic.net.tw/directory.cgi?more=5300 SUCCESS
03/14/2019 11:14:28 INFO: the http://v6directory.twnic.net.tw/directory.cgi?more=5400 is not exist
03/14/2019 11:14:29 INFO: http://v6directory.twnic.net.tw/directory.cgi?more=5400 SUCCESS
03/14/2019 11:14:33 INFO: the http://v6directory.twnic.net.tw/directory.cgi?more=5500 is not exist
03/14/2019 11:14:33 INFO: http://v6directory.twnic.net.tw/directory.cgi?more=5500 SUCCESS
03/14/2019 11:14:36 INFO: the http://v6directory.twnic.net.tw/directory.cgi?more=5600 is not exist
03/14/2019 11:14:37 INFO: http://v6directory.twnic.net.tw/directory.cgi?more=5600 SUCCESS
03/14/2019 11:14:41 INFO: the http://v6directory.twnic.net.tw/directory.cgi?more=5700 is not exist
03/14/2019 11:14:41 INFO: http://v6directory.twnic.net.tw/directory.cgi?more=5700 SUCCESS
03/14/2019 11:14:43 INFO: the http://v6directory.twnic.net.tw/directory.cgi?more=5800 is not exist
03/14/2019 11:14:44 INFO: http://v6directory.twnic.net.tw/directory.cgi?more=5800 SUCCESS
03/14/2019 11:14:45 INFO: the http://v6directory.twnic.net.tw/directory.cgi?more=5900 is not exist
03/14/2019 11:14:45 INFO: http://v6directory.twnic.net.tw/directory.cgi?more=5900 SUCCESS
03/14/2019 11:14:47 INFO: the http://v6directory.twnic.net.tw/directory.cgi?more=6000 is not exist
03/14/2019 11:14:48 INFO: http://v6directory.twnic.net.tw/directory.cgi?more=6000 SUCCESS
03/14/2019 11:14:49 INFO: the http://v6directory.twnic.net.tw/directory.cgi?more=6100 is not exist
03/14/2019 11:14:49 INFO: http://v6directory.twnic.net.tw/directory.cgi?more=6100 SUCCESS
03/14/2019 11:14:52 INFO: the http://v6directory.twnic.net.tw/directory.cgi?more=6200 is not exist
03/14/2019 11:14:53 INFO: http://v6directory.twnic.net.tw/directory.cgi?more=6200 SUCCESS
03/14/2019 11:14:55 INFO: the http://v6directory.twnic.net.tw/directory.cgi?more=6300 is not exist
03/14/2019 11:14:55 INFO: http://v6directory.twnic.net.tw/directory.cgi?more=6300 SUCCESS
03/14/2019 11:14:57 INFO: the http://v6directory.twnic.net.tw/directory.cgi?more=6400 is not exist
03/14/2019 11:14:58 INFO: http://v6directory.twnic.net.tw/directory.cgi?more=6400 SUCCESS
03/14/2019 11:15:03 INFO: the http://v6directory.twnic.net.tw/directory.cgi?more=6500 is not exist
03/14/2019 11:15:03 INFO: http://v6directory.twnic.net.tw/directory.cgi?more=6500 SUCCESS
03/14/2019 11:15:10 INFO: the http://v6directory.twnic.net.tw/directory.cgi?more=6600 is not exist
03/14/2019 11:15:10 INFO: http://v6directory.twnic.net.tw/directory.cgi?more=6600 SUCCESS
03/14/2019 11:15:14 INFO: the http://v6directory.twnic.net.tw/directory.cgi?more=6700 is not exist
03/14/2019 11:15:15 INFO: http://v6directory.twnic.net.tw/directory.cgi?more=6700 SUCCESS
03/14/2019 11:15:20 INFO: the http://v6directory.twnic.net.tw/directory.cgi?more=6800 is not exist
03/14/2019 11:15:21 INFO: http://v6directory.twnic.net.tw/directory.cgi?more=6800 SUCCESS
03/14/2019 11:15:22 INFO: the http://v6directory.twnic.net.tw/directory.cgi?more=6900 is not exist
03/14/2019 11:15:22 INFO: http://v6directory.twnic.net.tw/directory.cgi?more=6900 SUCCESS
03/14/2019 11:15:24 INFO: the http://v6directory.twnic.net.tw/directory.cgi?more=7000 is not exist
03/14/2019 11:15:24 INFO: http://v6directory.twnic.net.tw/directory.cgi?more=7000 SUCCESS
03/14/2019 11:15:29 INFO: the http://v6directory.twnic.net.tw/directory.cgi?more=7100 is not exist
03/14/2019 11:15:30 INFO: http://v6directory.twnic.net.tw/directory.cgi?more=7100 SUCCESS
03/14/2019 11:15:34 INFO: the http://v6directory.twnic.net.tw/directory.cgi?more=7200 is not exist
03/14/2019 11:15:34 INFO: http://v6directory.twnic.net.tw/directory.cgi?more=7200 SUCCESS
03/14/2019 11:15:36 INFO: the http://v6directory.twnic.net.tw/directory.cgi?more=7300 is not exist
03/14/2019 11:15:37 INFO: http://v6directory.twnic.net.tw/directory.cgi?more=7300 SUCCESS
03/14/2019 11:15:39 INFO: the http://v6directory.twnic.net.tw/directory.cgi?more=7400 is not exist
03/14/2019 11:15:39 INFO: http://v6directory.twnic.net.tw/directory.cgi?more=7400 SUCCESS
03/14/2019 11:15:43 INFO: the http://v6directory.twnic.net.tw/directory.cgi?more=7500 is not exist
03/14/2019 11:15:44 INFO: http://v6directory.twnic.net.tw/directory.cgi?more=7500 SUCCESS
03/14/2019 11:15:48 INFO: the http://v6directory.twnic.net.tw/directory.cgi?more=7600 is not exist
03/14/2019 11:16:03 INFO: http://v6directory.twnic.net.tw/directory.cgi?more=7600 SUCCESS
03/14/2019 11:16:08 INFO: the http://v6directory.twnic.net.tw/directory.cgi?more=7700 is not exist
03/14/2019 11:16:09 INFO: http://v6directory.twnic.net.tw/directory.cgi?more=7700 SUCCESS
03/14/2019 11:16:14 INFO: the http://v6directory.twnic.net.tw/directory.cgi?more=7800 is not exist
03/14/2019 11:16:16 INFO: http://v6directory.twnic.net.tw/directory.cgi?more=7800 SUCCESS
03/14/2019 11:16:19 INFO: the http://v6directory.twnic.net.tw/directory.cgi?more=7900 is not exist
03/14/2019 11:16:19 INFO: http://v6directory.twnic.net.tw/directory.cgi?more=7900 SUCCESS
03/14/2019 11:16:23 INFO: the http://v6directory.twnic.net.tw/directory.cgi?more=8000 is not exist
03/14/2019 11:16:24 INFO: http://v6directory.twnic.net.tw/directory.cgi?more=8000 SUCCESS
03/14/2019 11:16:31 INFO: the http://v6directory.twnic.net.tw/directory.cgi?more=8100 is not exist
03/14/2019 11:16:31 INFO: http://v6directory.twnic.net.tw/directory.cgi?more=8100 SUCCESS
03/14/2019 11:16:35 INFO: the http://v6directory.twnic.net.tw/directory.cgi?more=8200 is not exist
03/14/2019 11:16:35 INFO: http://v6directory.twnic.net.tw/directory.cgi?more=8200 SUCCESS
03/14/2019 11:16:42 INFO: the http://v6directory.twnic.net.tw/directory.cgi?more=8300 is not exist
03/14/2019 11:16:42 INFO: http://v6directory.twnic.net.tw/directory.cgi?more=8300 SUCCESS
03/14/2019 11:16:45 INFO: the http://v6directory.twnic.net.tw/directory.cgi?more=8400 is not exist
03/14/2019 11:16:46 INFO: http://v6directory.twnic.net.tw/directory.cgi?more=8400 SUCCESS
03/14/2019 11:16:51 INFO: the http://v6directory.twnic.net.tw/directory.cgi?more=8500 is not exist
03/14/2019 11:16:51 INFO: http://v6directory.twnic.net.tw/directory.cgi?more=8500 SUCCESS
03/14/2019 11:16:52 INFO: the http://v6directory.twnic.net.tw/directory.cgi?more=8600 is not exist
03/14/2019 11:16:53 INFO: http://v6directory.twnic.net.tw/directory.cgi?more=8600 SUCCESS
03/14/2019 11:16:59 INFO: the http://v6directory.twnic.net.tw/directory.cgi?more=8700 is not exist
03/14/2019 11:16:59 INFO: http://v6directory.twnic.net.tw/directory.cgi?more=8700 SUCCESS
03/14/2019 11:17:02 INFO: the http://v6directory.twnic.net.tw/directory.cgi?more=8800 is not exist
03/14/2019 11:17:03 INFO: http://v6directory.twnic.net.tw/directory.cgi?more=8800 SUCCESS
03/14/2019 11:17:04 INFO: the http://v6directory.twnic.net.tw/directory.cgi?more=8900 is not exist
03/14/2019 11:17:04 INFO: http://v6directory.twnic.net.tw/directory.cgi?more=8900 SUCCESS
03/14/2019 11:17:07 INFO: the http://v6directory.twnic.net.tw/directory.cgi?more=9000 is not exist
03/14/2019 11:17:07 INFO: http://v6directory.twnic.net.tw/directory.cgi?more=9000 SUCCESS
03/14/2019 11:17:11 INFO: the http://v6directory.twnic.net.tw/directory.cgi?more=9100 is not exist
03/14/2019 11:17:11 INFO: http://v6directory.twnic.net.tw/directory.cgi?more=9100 SUCCESS
03/14/2019 11:17:16 INFO: the http://v6directory.twnic.net.tw/directory.cgi?more=9200 is not exist
03/14/2019 11:17:16 INFO: http://v6directory.twnic.net.tw/directory.cgi?more=9200 SUCCESS
03/14/2019 11:17:21 INFO: the http://v6directory.twnic.net.tw/directory.cgi?more=9300 is not exist
03/14/2019 11:17:22 INFO: http://v6directory.twnic.net.tw/directory.cgi?more=9300 SUCCESS
03/14/2019 11:17:28 INFO: the http://v6directory.twnic.net.tw/directory.cgi?more=9400 is not exist
03/14/2019 11:17:29 INFO: http://v6directory.twnic.net.tw/directory.cgi?more=9400 SUCCESS
03/14/2019 11:17:32 INFO: the http://v6directory.twnic.net.tw/directory.cgi?more=9500 is not exist
03/14/2019 11:17:32 INFO: http://v6directory.twnic.net.tw/directory.cgi?more=9500 SUCCESS
03/14/2019 11:17:36 INFO: the http://v6directory.twnic.net.tw/directory.cgi?more=9600 is not exist
03/14/2019 11:17:37 INFO: http://v6directory.twnic.net.tw/directory.cgi?more=9600 SUCCESS
03/14/2019 11:17:42 INFO: the http://v6directory.twnic.net.tw/directory.cgi?more=9700 is not exist
03/14/2019 11:17:42 INFO: http://v6directory.twnic.net.tw/directory.cgi?more=9700 SUCCESS
03/14/2019 11:17:49 INFO: the http://v6directory.twnic.net.tw/directory.cgi?more=9800 is not exist
03/14/2019 11:17:50 INFO: http://v6directory.twnic.net.tw/directory.cgi?more=9800 SUCCESS
03/14/2019 11:17:55 INFO: the http://v6directory.twnic.net.tw/directory.cgi?more=9900 is not exist
03/14/2019 11:17:55 INFO: http://v6directory.twnic.net.tw/directory.cgi?more=9900 SUCCESS
03/14/2019 11:21:15 INFO: the http://v6directory.twnic.net.tw/directory.cgi?more=10000 is not exist
03/14/2019 11:21:15 INFO: http://v6directory.twnic.net.tw/directory.cgi?more=10000 SUCCESS
03/14/2019 11:21:15 INFO: the http://v6directory.twnic.net.tw/directory.cgi?more=10100 is not exist
03/14/2019 11:21:16 INFO: http://v6directory.twnic.net.tw/directory.cgi?more=10100 SUCCESS
03/14/2019 11:21:16 INFO: the http://v6directory.twnic.net.tw/directory.cgi?more=10200 is not exist
03/14/2019 11:21:17 INFO: http://v6directory.twnic.net.tw/directory.cgi?more=10200 SUCCESS
03/14/2019 11:21:17 INFO: the http://v6directory.twnic.net.tw/directory.cgi?more=10300 is not exist
03/14/2019 11:21:17 INFO: http://v6directory.twnic.net.tw/directory.cgi?more=10300 SUCCESS
03/14/2019 11:21:17 INFO: the http://v6directory.twnic.net.tw/directory.cgi?more=10400 is not exist
03/14/2019 11:21:18 INFO: http://v6directory.twnic.net.tw/directory.cgi?more=10400 SUCCESS
03/14/2019 11:21:18 INFO: the http://v6directory.twnic.net.tw/directory.cgi?more=10500 is not exist
03/14/2019 11:21:19 INFO: http://v6directory.twnic.net.tw/directory.cgi?more=10500 SUCCESS
03/14/2019 11:21:19 INFO: the http://v6directory.twnic.net.tw/directory.cgi?more=10600 is not exist
03/14/2019 11:21:20 INFO: http://v6directory.twnic.net.tw/directory.cgi?more=10600 SUCCESS
03/14/2019 11:21:20 INFO: the http://v6directory.twnic.net.tw/directory.cgi?more=10700 is not exist
03/14/2019 11:21:20 INFO: http://v6directory.twnic.net.tw/directory.cgi?more=10700 SUCCESS
03/14/2019 11:21:20 INFO: the http://v6directory.twnic.net.tw/directory.cgi?more=10800 is not exist
03/14/2019 11:21:21 INFO: http://v6directory.twnic.net.tw/directory.cgi?more=10800 SUCCESS
03/14/2019 11:21:21 INFO: the http://v6directory.twnic.net.tw/directory.cgi?more=10900 is not exist
03/14/2019 11:22:07 INFO: the http://v6directory.twnic.net.tw/directory.cgi?more=10900 is not exist
03/14/2019 11:22:07 INFO: http://v6directory.twnic.net.tw/directory.cgi?more=10900 SUCCESS
03/14/2019 11:22:09 INFO: the http://v6directory.twnic.net.tw/directory.cgi?more=11000 is not exist
03/14/2019 11:22:10 INFO: http://v6directory.twnic.net.tw/directory.cgi?more=11000 SUCCESS
03/14/2019 11:22:16 INFO: the http://v6directory.twnic.net.tw/directory.cgi?more=11100 is not exist
03/14/2019 11:22:16 INFO: http://v6directory.twnic.net.tw/directory.cgi?more=11100 SUCCESS
03/14/2019 11:22:23 INFO: the http://v6directory.twnic.net.tw/directory.cgi?more=11200 is not exist
03/14/2019 11:22:23 INFO: http://v6directory.twnic.net.tw/directory.cgi?more=11200 SUCCESS
03/14/2019 11:22:24 INFO: the http://v6directory.twnic.net.tw/directory.cgi?more=11300 is not exist
03/14/2019 11:22:24 INFO: http://v6directory.twnic.net.tw/directory.cgi?more=11300 SUCCESS
03/14/2019 11:22:31 INFO: the http://v6directory.twnic.net.tw/directory.cgi?more=11400 is not exist
03/14/2019 11:22:31 INFO: http://v6directory.twnic.net.tw/directory.cgi?more=11400 SUCCESS
03/14/2019 11:22:32 INFO: the http://v6directory.twnic.net.tw/directory.cgi?more=11500 is not exist
03/14/2019 11:22:33 INFO: http://v6directory.twnic.net.tw/directory.cgi?more=11500 SUCCESS
03/14/2019 11:22:34 INFO: the http://v6directory.twnic.net.tw/directory.cgi?more=11600 is not exist
03/14/2019 11:22:35 INFO: http://v6directory.twnic.net.tw/directory.cgi?more=11600 SUCCESS
03/14/2019 11:22:37 INFO: the http://v6directory.twnic.net.tw/directory.cgi?more=11700 is not exist
03/14/2019 11:22:37 INFO: http://v6directory.twnic.net.tw/directory.cgi?more=11700 SUCCESS
03/14/2019 11:22:43 INFO: the http://v6directory.twnic.net.tw/directory.cgi?more=11800 is not exist
03/14/2019 11:22:43 INFO: http://v6directory.twnic.net.tw/directory.cgi?more=11800 SUCCESS
03/14/2019 11:23:58 INFO: the http://v6directory.twnic.net.tw/directory.cgi?more=11900 is not exist
03/14/2019 11:24:00 INFO: http://v6directory.twnic.net.tw/directory.cgi?more=11900 SUCCESS
03/14/2019 11:24:03 INFO: the http://v6directory.twnic.net.tw/directory.cgi?more=12000 is not exist
05/20/2019 11:55:03 INFO: the https://120.96.247.52 is not exist
05/20/2019 11:55:04 ERROR: Certificate did not match expected hostname: 120.96.247.52. Certificate: {'subject': ((('countryName', 'TW'),), (('stateOrProvinceName', 'Taiwan'),), (('localityName', 'Taipei'),), (('organizationName', 'National Taiwan University Hospital Bei-Hu Branch'),), (('organizationalUnitName', 'IT Department'),), (('commonName', 'pwd.bh.ntuh.gov.tw'),)), 'issuer': ((('countryName', 'TW'),), (('organizationName', 'TAIWAN-CA'),), (('organizationalUnitName', 'Secure SSL Sub-CA'),), (('commonName', 'TWCA Secure SSL Certification Authority'),)), 'version': 3, 'serialNumber': '47E100000000A377275BB86368E50D19', 'notBefore': 'Mar 14 07:19:15 2017 GMT', 'notAfter': 'Mar 14 15:59:59 2020 GMT', 'subjectAltName': (('DNS', 'pwd.bh.ntuh.gov.tw'), ('DNS', 'mg.bh.ntuh.gov.tw'), ('DNS', 'mx1.bh.ntuh.gov.tw'), ('DNS', 'www.bh.ntuh.gov.tw'), ('DNS', 'bhnas.ntuh.gov.tw'), ('DNS', 'vpn.bh.ntuh.gov.tw')), 'OCSP': ('http://twcasslocsp.twca.com.tw/',), 'caIssuers': ('http://sslserver.twca.com.tw/cacert/secure_sha2_2014.crt',), 'crlDistributionPoints': ('http://sslserver.twca.com.tw/sslserver/Securessl_revoke_sha2_2014.crl',)}
05/28/2019 04:47:16 INFO: the https://wikileaks.org/hbgary-emails/emailid/2107#attachments is not exist
05/28/2019 04:54:38 INFO: the https://wikileaks.org/hbgary-emails/emailid/2107#attachments is not exist
05/28/2019 04:54:41 INFO: https://wikileaks.org/hbgary-emails/emailid/2107#attachments SUCCESS
05/28/2019 04:56:47 INFO: the https://wikileaks.org/hbgary-emails/emailid/2107#attachments is not exist
05/28/2019 04:56:49 INFO: the https://wikileaks.org/hbgary-emails/emailid/2107#attachments is not exist
05/28/2019 04:56:49 INFO: https://wikileaks.org/hbgary-emails/emailid/2107#attachments SUCCESS
05/28/2019 04:56:51 INFO: https://wikileaks.org/hbgary-emails/emailid/2107#attachments SUCCESS
05/28/2019 04:58:48 INFO: the https://wikileaks.org/hbgary-emails/emailid/2107#attachments is not exist
05/28/2019 04:58:50 INFO: https://wikileaks.org/hbgary-emails/emailid/2107#attachments SUCCESS
05/28/2019 05:52:12 INFO: the https://wikileaks.org/hbgary-emails/?q=&mfrom=aaron%40hbgary.com&mto=&title=&notitle=&date_from=&date_to=&nofrom=&noto=&count=50&sort=6#searchresult is not exist
05/28/2019 05:52:14 INFO: https://wikileaks.org/hbgary-emails/?q=&mfrom=aaron%40hbgary.com&mto=&title=&notitle=&date_from=&date_to=&nofrom=&noto=&count=50&sort=6#searchresult SUCCESS
05/29/2019 11:28:49 INFO: the https://wikileaks.org/hbgary-emails/?q=&mfrom=aaron%40hbgary.com&mto=&title=&notitle=&date_from=&date_to=&nofrom=&noto=&count=50&sort=6&page=1&#searchresult is not exist
05/29/2019 11:28:51 INFO: https://wikileaks.org/hbgary-emails/?q=&mfrom=aaron%40hbgary.com&mto=&title=&notitle=&date_from=&date_to=&nofrom=&noto=&count=50&sort=6&page=1&#searchresult SUCCESS
05/31/2019 05:05:11 INFO: the https://wikileaks.org/hbgary-emails/?q=&mfrom=aaron%40hbgary.com&mto=&title=&notitle=&date_from=&date_to=&nofrom=&noto=&count=50&sort=6&page=1&#searchresult is not exist
05/31/2019 05:05:13 INFO: https://wikileaks.org/hbgary-emails/?q=&mfrom=aaron%40hbgary.com&mto=&title=&notitle=&date_from=&date_to=&nofrom=&noto=&count=50&sort=6&page=1&#searchresult SUCCESS
05/31/2019 05:13:39 INFO: the https://wikileaks.org/hbgary-emails/?q=&mfrom=aaron%40hbgary.com&page=1&#searchresult is not exist
05/31/2019 05:13:41 INFO: https://wikileaks.org/hbgary-emails/?q=&mfrom=aaron%40hbgary.com&page=1&#searchresult SUCCESS
05/31/2019 05:15:47 INFO: the https://wikileaks.org/hbgary-emails/?q=&mfrom=aaron%40hbgary.com&page=1&#searchresult is not exist
05/31/2019 05:15:49 INFO: https://wikileaks.org/hbgary-emails/?q=&mfrom=aaron%40hbgary.com&page=1&#searchresult SUCCESS
05/31/2019 05:25:01 INFO: the https://wikileaks.org/hbgary-emails/emailid/159 is not exist
05/31/2019 05:25:03 INFO: https://wikileaks.org/hbgary-emails/emailid/159 SUCCESS
05/31/2019 05:29:33 INFO: the https://wikileaks.org/hbgary-emails/emailid/238 is not exist
05/31/2019 05:29:34 INFO: https://wikileaks.org/hbgary-emails/emailid/238 SUCCESS
05/31/2019 05:29:34 INFO: the https://wikileaks.org/hbgary-emails/emailid/691 is not exist
05/31/2019 05:29:36 INFO: https://wikileaks.org/hbgary-emails/emailid/691 SUCCESS
05/31/2019 05:29:36 INFO: the https://wikileaks.org/hbgary-emails/emailid/1109 is not exist
05/31/2019 05:29:38 INFO: https://wikileaks.org/hbgary-emails/emailid/1109 SUCCESS
05/31/2019 05:29:38 INFO: the https://wikileaks.org/hbgary-emails/emailid/1172 is not exist
05/31/2019 05:29:40 INFO: https://wikileaks.org/hbgary-emails/emailid/1172 SUCCESS
05/31/2019 05:29:40 INFO: the https://wikileaks.org/hbgary-emails/emailid/1341 is not exist
05/31/2019 05:29:42 INFO: https://wikileaks.org/hbgary-emails/emailid/1341 SUCCESS
05/31/2019 05:29:42 INFO: the https://wikileaks.org/hbgary-emails/emailid/1556 is not exist
05/31/2019 05:29:44 INFO: https://wikileaks.org/hbgary-emails/emailid/1556 SUCCESS
05/31/2019 05:29:44 INFO: the https://wikileaks.org/hbgary-emails/emailid/1738 is not exist
05/31/2019 05:29:46 INFO: https://wikileaks.org/hbgary-emails/emailid/1738 SUCCESS
05/31/2019 05:29:46 INFO: the https://wikileaks.org/hbgary-emails/emailid/2107 is not exist
05/31/2019 05:29:48 INFO: https://wikileaks.org/hbgary-emails/emailid/2107 SUCCESS
05/31/2019 05:29:48 INFO: the https://wikileaks.org/hbgary-emails/emailid/2136 is not exist
05/31/2019 05:29:50 INFO: https://wikileaks.org/hbgary-emails/emailid/2136 SUCCESS
05/31/2019 05:29:50 INFO: the https://wikileaks.org/hbgary-emails/emailid/2250 is not exist
05/31/2019 05:29:52 INFO: https://wikileaks.org/hbgary-emails/emailid/2250 SUCCESS
05/31/2019 05:29:52 INFO: the https://wikileaks.org/hbgary-emails/emailid/2641 is not exist
05/31/2019 05:29:54 INFO: https://wikileaks.org/hbgary-emails/emailid/2641 SUCCESS
05/31/2019 05:29:54 INFO: the https://wikileaks.org/hbgary-emails/emailid/3378 is not exist
05/31/2019 05:29:56 INFO: https://wikileaks.org/hbgary-emails/emailid/3378 SUCCESS
05/31/2019 05:29:56 INFO: the https://wikileaks.org/hbgary-emails/emailid/3985 is not exist
05/31/2019 05:29:58 INFO: https://wikileaks.org/hbgary-emails/emailid/3985 SUCCESS
05/31/2019 05:29:58 INFO: the https://wikileaks.org/hbgary-emails/emailid/4233 is not exist
05/31/2019 05:30:00 INFO: https://wikileaks.org/hbgary-emails/emailid/4233 SUCCESS
05/31/2019 05:30:00 INFO: the https://wikileaks.org/hbgary-emails/emailid/4583 is not exist
05/31/2019 05:30:02 INFO: https://wikileaks.org/hbgary-emails/emailid/4583 SUCCESS
05/31/2019 05:30:02 INFO: the https://wikileaks.org/hbgary-emails/emailid/6189 is not exist
05/31/2019 05:30:04 INFO: https://wikileaks.org/hbgary-emails/emailid/6189 SUCCESS
05/31/2019 05:30:04 INFO: the https://wikileaks.org/hbgary-emails/emailid/6196 is not exist
05/31/2019 05:30:06 INFO: https://wikileaks.org/hbgary-emails/emailid/6196 SUCCESS
05/31/2019 05:30:06 INFO: the https://wikileaks.org/hbgary-emails/emailid/6258 is not exist
05/31/2019 05:30:07 INFO: https://wikileaks.org/hbgary-emails/emailid/6258 SUCCESS
05/31/2019 05:30:08 INFO: the https://wikileaks.org/hbgary-emails/emailid/7084 is not exist
05/31/2019 05:30:09 INFO: https://wikileaks.org/hbgary-emails/emailid/7084 SUCCESS
05/31/2019 05:30:09 INFO: the https://wikileaks.org/hbgary-emails/emailid/7975 is not exist
05/31/2019 05:30:11 INFO: https://wikileaks.org/hbgary-emails/emailid/7975 SUCCESS
05/31/2019 05:30:11 INFO: the https://wikileaks.org/hbgary-emails/emailid/8353 is not exist
05/31/2019 05:30:13 INFO: https://wikileaks.org/hbgary-emails/emailid/8353 SUCCESS
05/31/2019 05:30:13 INFO: the https://wikileaks.org/hbgary-emails/emailid/8743 is not exist
05/31/2019 05:30:15 INFO: https://wikileaks.org/hbgary-emails/emailid/8743 SUCCESS
05/31/2019 05:30:15 INFO: the https://wikileaks.org/hbgary-emails/emailid/9244 is not exist
05/31/2019 05:30:17 INFO: https://wikileaks.org/hbgary-emails/emailid/9244 SUCCESS
05/31/2019 05:30:17 INFO: the https://wikileaks.org/hbgary-emails/emailid/9914 is not exist
05/31/2019 05:30:19 INFO: https://wikileaks.org/hbgary-emails/emailid/9914 SUCCESS
05/31/2019 05:30:19 INFO: the https://wikileaks.org/hbgary-emails/emailid/10296 is not exist
05/31/2019 05:30:21 INFO: https://wikileaks.org/hbgary-emails/emailid/10296 SUCCESS
05/31/2019 05:30:21 INFO: the https://wikileaks.org/hbgary-emails/emailid/10656 is not exist
05/31/2019 05:30:23 INFO: https://wikileaks.org/hbgary-emails/emailid/10656 SUCCESS
05/31/2019 05:30:23 INFO: the https://wikileaks.org/hbgary-emails/emailid/11365 is not exist
05/31/2019 05:30:25 INFO: https://wikileaks.org/hbgary-emails/emailid/11365 SUCCESS
05/31/2019 05:30:25 INFO: the https://wikileaks.org/hbgary-emails/emailid/11378 is not exist
05/31/2019 05:30:27 INFO: https://wikileaks.org/hbgary-emails/emailid/11378 SUCCESS
05/31/2019 05:30:27 INFO: the https://wikileaks.org/hbgary-emails/emailid/11920 is not exist
05/31/2019 05:30:29 INFO: https://wikileaks.org/hbgary-emails/emailid/11920 SUCCESS
05/31/2019 05:30:29 INFO: the https://wikileaks.org/hbgary-emails/emailid/12104 is not exist
05/31/2019 05:30:31 INFO: https://wikileaks.org/hbgary-emails/emailid/12104 SUCCESS
05/31/2019 05:30:31 INFO: the https://wikileaks.org/hbgary-emails/emailid/13295 is not exist
05/31/2019 05:30:33 INFO: https://wikileaks.org/hbgary-emails/emailid/13295 SUCCESS
05/31/2019 05:30:33 INFO: the https://wikileaks.org/hbgary-emails/emailid/13296 is not exist
05/31/2019 05:30:35 INFO: https://wikileaks.org/hbgary-emails/emailid/13296 SUCCESS
05/31/2019 05:30:35 INFO: the https://wikileaks.org/hbgary-emails/emailid/13637 is not exist
05/31/2019 05:30:37 INFO: https://wikileaks.org/hbgary-emails/emailid/13637 SUCCESS
05/31/2019 05:30:37 INFO: the https://wikileaks.org/hbgary-emails/emailid/13827 is not exist
05/31/2019 05:30:39 INFO: https://wikileaks.org/hbgary-emails/emailid/13827 SUCCESS
05/31/2019 05:30:39 INFO: the https://wikileaks.org/hbgary-emails/emailid/13899 is not exist
05/31/2019 05:30:41 INFO: https://wikileaks.org/hbgary-emails/emailid/13899 SUCCESS
05/31/2019 05:30:41 INFO: the https://wikileaks.org/hbgary-emails/emailid/13932 is not exist
05/31/2019 05:30:43 INFO: https://wikileaks.org/hbgary-emails/emailid/13932 SUCCESS
05/31/2019 05:30:43 INFO: the https://wikileaks.org/hbgary-emails/emailid/13987 is not exist
05/31/2019 05:30:45 INFO: https://wikileaks.org/hbgary-emails/emailid/13987 SUCCESS
05/31/2019 05:30:45 INFO: the https://wikileaks.org/hbgary-emails/emailid/14115 is not exist
05/31/2019 05:30:47 INFO: https://wikileaks.org/hbgary-emails/emailid/14115 SUCCESS
05/31/2019 05:30:47 INFO: the https://wikileaks.org/hbgary-emails/emailid/14319 is not exist
05/31/2019 05:30:49 INFO: https://wikileaks.org/hbgary-emails/emailid/14319 SUCCESS
05/31/2019 05:30:49 INFO: the https://wikileaks.org/hbgary-emails/emailid/14327 is not exist
05/31/2019 05:30:51 INFO: https://wikileaks.org/hbgary-emails/emailid/14327 SUCCESS
05/31/2019 05:30:51 INFO: the https://wikileaks.org/hbgary-emails/emailid/14335 is not exist
05/31/2019 05:30:52 INFO: https://wikileaks.org/hbgary-emails/emailid/14335 SUCCESS
05/31/2019 05:30:52 INFO: the https://wikileaks.org/hbgary-emails/emailid/14370 is not exist
05/31/2019 05:30:54 INFO: https://wikileaks.org/hbgary-emails/emailid/14370 SUCCESS
05/31/2019 05:30:54 INFO: the https://wikileaks.org/hbgary-emails/emailid/14399 is not exist
05/31/2019 05:30:56 INFO: https://wikileaks.org/hbgary-emails/emailid/14399 SUCCESS
05/31/2019 05:30:57 INFO: the https://wikileaks.org/hbgary-emails/emailid/14493 is not exist
05/31/2019 05:30:59 INFO: https://wikileaks.org/hbgary-emails/emailid/14493 SUCCESS
05/31/2019 05:30:59 INFO: the https://wikileaks.org/hbgary-emails/emailid/14920 is not exist
05/31/2019 05:31:01 INFO: https://wikileaks.org/hbgary-emails/emailid/14920 SUCCESS
05/31/2019 05:31:01 INFO: the https://wikileaks.org/hbgary-emails/emailid/14944 is not exist
05/31/2019 05:31:03 INFO: https://wikileaks.org/hbgary-emails/emailid/14944 SUCCESS
05/31/2019 05:31:03 INFO: the https://wikileaks.org/hbgary-emails/emailid/15046 is not exist
05/31/2019 05:31:05 INFO: https://wikileaks.org/hbgary-emails/emailid/15046 SUCCESS
05/31/2019 05:31:05 INFO: the https://wikileaks.org/hbgary-emails/emailid/15425 is not exist
05/31/2019 05:31:07 INFO: https://wikileaks.org/hbgary-emails/emailid/15425 SUCCESS
05/31/2019 05:31:07 INFO: the https://wikileaks.org/hbgary-emails/emailid/15590 is not exist
05/31/2019 05:31:09 INFO: https://wikileaks.org/hbgary-emails/emailid/15590 SUCCESS
06/03/2019 02:57:53 INFO: the https://wikileaks.org/hbgary-emails/?q=&mfrom=aaron%40hbgary.com&page=1&#searchresult is not exist
06/03/2019 03:00:33 INFO: the https://wikileaks.org/hbgary-emails/?q=&mfrom=aaron%40hbgary.com&page=1&#searchresult is not exist
06/03/2019 03:00:35 INFO: https://wikileaks.org/hbgary-emails/?q=&mfrom=aaron%40hbgary.com&page=1&#searchresult SUCCESS
06/03/2019 03:00:35 INFO: the https://wikileaks.org/hbgary-emails/emailid/159 is not exist
06/03/2019 03:00:37 INFO: https://wikileaks.org/hbgary-emails/emailid/159 SUCCESS
06/03/2019 03:00:37 INFO: the https://wikileaks.org/hbgary-emails/emailid/238 is not exist
06/03/2019 03:00:39 INFO: https://wikileaks.org/hbgary-emails/emailid/238 SUCCESS
06/03/2019 03:00:39 INFO: the https://wikileaks.org/hbgary-emails/emailid/691 is not exist
06/03/2019 03:00:41 INFO: https://wikileaks.org/hbgary-emails/emailid/691 SUCCESS
06/03/2019 03:00:42 INFO: the https://wikileaks.org/hbgary-emails/emailid/1109 is not exist
06/03/2019 03:00:44 INFO: https://wikileaks.org/hbgary-emails/emailid/1109 SUCCESS
06/03/2019 03:00:44 INFO: the https://wikileaks.org/hbgary-emails/emailid/1172 is not exist
06/03/2019 03:00:46 INFO: https://wikileaks.org/hbgary-emails/emailid/1172 SUCCESS
06/03/2019 03:00:46 INFO: the https://wikileaks.org/hbgary-emails/emailid/1341 is not exist
06/03/2019 03:00:49 INFO: https://wikileaks.org/hbgary-emails/emailid/1341 SUCCESS
06/03/2019 03:00:49 INFO: the https://wikileaks.org/hbgary-emails/emailid/1556 is not exist
06/03/2019 03:00:51 INFO: https://wikileaks.org/hbgary-emails/emailid/1556 SUCCESS
06/03/2019 03:00:51 INFO: the https://wikileaks.org/hbgary-emails/emailid/1738 is not exist
06/03/2019 03:00:53 INFO: https://wikileaks.org/hbgary-emails/emailid/1738 SUCCESS
06/03/2019 03:00:53 INFO: the https://wikileaks.org/hbgary-emails/emailid/2107 is not exist
06/03/2019 03:00:55 INFO: https://wikileaks.org/hbgary-emails/emailid/2107 SUCCESS
06/03/2019 03:00:55 INFO: the https://wikileaks.org/hbgary-emails/emailid/2136 is not exist
06/03/2019 03:00:58 INFO: https://wikileaks.org/hbgary-emails/emailid/2136 SUCCESS
06/03/2019 03:00:58 INFO: the https://wikileaks.org/hbgary-emails/emailid/2250 is not exist
06/03/2019 03:01:00 INFO: https://wikileaks.org/hbgary-emails/emailid/2250 SUCCESS
06/03/2019 03:01:00 INFO: the https://wikileaks.org/hbgary-emails/emailid/2641 is not exist
06/03/2019 03:01:03 INFO: https://wikileaks.org/hbgary-emails/emailid/2641 SUCCESS
06/03/2019 03:01:03 INFO: the https://wikileaks.org/hbgary-emails/emailid/3378 is not exist
06/03/2019 03:01:05 INFO: https://wikileaks.org/hbgary-emails/emailid/3378 SUCCESS
06/03/2019 03:01:05 INFO: the https://wikileaks.org/hbgary-emails/emailid/3985 is not exist
06/03/2019 03:01:09 INFO: https://wikileaks.org/hbgary-emails/emailid/3985 SUCCESS
06/03/2019 03:01:09 INFO: the https://wikileaks.org/hbgary-emails/emailid/4233 is not exist
06/03/2019 03:01:11 INFO: https://wikileaks.org/hbgary-emails/emailid/4233 SUCCESS
06/03/2019 03:01:12 INFO: the https://wikileaks.org/hbgary-emails/emailid/4583 is not exist
06/03/2019 03:01:14 INFO: https://wikileaks.org/hbgary-emails/emailid/4583 SUCCESS
06/03/2019 03:01:14 INFO: the https://wikileaks.org/hbgary-emails/emailid/6189 is not exist
06/03/2019 03:01:16 INFO: https://wikileaks.org/hbgary-emails/emailid/6189 SUCCESS
06/03/2019 03:01:16 INFO: the https://wikileaks.org/hbgary-emails/emailid/6196 is not exist
06/03/2019 03:01:19 INFO: https://wikileaks.org/hbgary-emails/emailid/6196 SUCCESS
06/03/2019 03:01:19 INFO: the https://wikileaks.org/hbgary-emails/emailid/6258 is not exist
06/03/2019 03:01:21 INFO: https://wikileaks.org/hbgary-emails/emailid/6258 SUCCESS
06/03/2019 03:01:21 INFO: the https://wikileaks.org/hbgary-emails/emailid/7084 is not exist
06/03/2019 03:01:24 INFO: https://wikileaks.org/hbgary-emails/emailid/7084 SUCCESS
06/03/2019 03:01:24 INFO: the https://wikileaks.org/hbgary-emails/emailid/7975 is not exist
06/03/2019 03:01:26 INFO: https://wikileaks.org/hbgary-emails/emailid/7975 SUCCESS
06/03/2019 03:01:27 INFO: the https://wikileaks.org/hbgary-emails/emailid/8353 is not exist
06/03/2019 03:01:29 INFO: https://wikileaks.org/hbgary-emails/emailid/8353 SUCCESS
06/03/2019 03:01:29 INFO: the https://wikileaks.org/hbgary-emails/emailid/8743 is not exist
06/03/2019 03:01:31 INFO: https://wikileaks.org/hbgary-emails/emailid/8743 SUCCESS
06/03/2019 03:01:31 INFO: the https://wikileaks.org/hbgary-emails/emailid/9244 is not exist
06/03/2019 03:01:34 INFO: https://wikileaks.org/hbgary-emails/emailid/9244 SUCCESS
06/03/2019 03:01:34 INFO: the https://wikileaks.org/hbgary-emails/emailid/9914 is not exist
06/03/2019 03:01:36 INFO: https://wikileaks.org/hbgary-emails/emailid/9914 SUCCESS
06/03/2019 03:01:36 INFO: the https://wikileaks.org/hbgary-emails/emailid/10296 is not exist
06/03/2019 03:01:39 INFO: https://wikileaks.org/hbgary-emails/emailid/10296 SUCCESS
06/03/2019 03:01:39 INFO: the https://wikileaks.org/hbgary-emails/emailid/10656 is not exist
06/03/2019 03:01:41 INFO: https://wikileaks.org/hbgary-emails/emailid/10656 SUCCESS
06/03/2019 03:01:41 INFO: the https://wikileaks.org/hbgary-emails/emailid/11365 is not exist
06/03/2019 03:01:43 INFO: https://wikileaks.org/hbgary-emails/emailid/11365 SUCCESS
06/03/2019 03:01:44 INFO: the https://wikileaks.org/hbgary-emails/emailid/11378 is not exist
06/03/2019 03:01:46 INFO: https://wikileaks.org/hbgary-emails/emailid/11378 SUCCESS
06/03/2019 03:01:46 INFO: the https://wikileaks.org/hbgary-emails/emailid/11920 is not exist
06/03/2019 03:01:48 INFO: https://wikileaks.org/hbgary-emails/emailid/11920 SUCCESS
06/03/2019 03:01:48 INFO: the https://wikileaks.org/hbgary-emails/emailid/12104 is not exist
06/03/2019 03:01:51 INFO: https://wikileaks.org/hbgary-emails/emailid/12104 SUCCESS
06/03/2019 03:01:51 INFO: the https://wikileaks.org/hbgary-emails/emailid/13295 is not exist
06/03/2019 03:01:53 INFO: https://wikileaks.org/hbgary-emails/emailid/13295 SUCCESS
06/03/2019 03:01:53 INFO: the https://wikileaks.org/hbgary-emails/emailid/13296 is not exist
06/03/2019 03:01:55 INFO: https://wikileaks.org/hbgary-emails/emailid/13296 SUCCESS
06/03/2019 03:01:55 INFO: the https://wikileaks.org/hbgary-emails/emailid/13637 is not exist
06/03/2019 03:01:57 INFO: https://wikileaks.org/hbgary-emails/emailid/13637 SUCCESS
06/03/2019 03:01:57 INFO: the https://wikileaks.org/hbgary-emails/emailid/13827 is not exist
06/03/2019 03:02:00 INFO: https://wikileaks.org/hbgary-emails/emailid/13827 SUCCESS
06/03/2019 03:02:00 INFO: the https://wikileaks.org/hbgary-emails/emailid/13899 is not exist
06/03/2019 03:02:02 INFO: https://wikileaks.org/hbgary-emails/emailid/13899 SUCCESS
06/03/2019 03:02:02 INFO: the https://wikileaks.org/hbgary-emails/emailid/13932 is not exist
06/03/2019 03:02:05 INFO: https://wikileaks.org/hbgary-emails/emailid/13932 SUCCESS
06/03/2019 03:02:05 INFO: the https://wikileaks.org/hbgary-emails/emailid/13987 is not exist
06/03/2019 03:02:07 INFO: https://wikileaks.org/hbgary-emails/emailid/13987 SUCCESS
06/03/2019 03:02:07 INFO: the https://wikileaks.org/hbgary-emails/emailid/14115 is not exist
06/03/2019 03:02:10 INFO: https://wikileaks.org/hbgary-emails/emailid/14115 SUCCESS
06/03/2019 03:02:10 INFO: the https://wikileaks.org/hbgary-emails/emailid/14319 is not exist
06/03/2019 03:02:13 INFO: https://wikileaks.org/hbgary-emails/emailid/14319 SUCCESS
06/03/2019 03:02:13 INFO: the https://wikileaks.org/hbgary-emails/emailid/14327 is not exist
06/03/2019 03:02:16 INFO: https://wikileaks.org/hbgary-emails/emailid/14327 SUCCESS
06/03/2019 03:02:16 INFO: the https://wikileaks.org/hbgary-emails/emailid/14335 is not exist
06/03/2019 03:02:18 INFO: https://wikileaks.org/hbgary-emails/emailid/14335 SUCCESS
06/03/2019 03:02:18 INFO: the https://wikileaks.org/hbgary-emails/emailid/14370 is not exist
06/03/2019 03:02:21 INFO: https://wikileaks.org/hbgary-emails/emailid/14370 SUCCESS
06/03/2019 03:02:21 INFO: the https://wikileaks.org/hbgary-emails/emailid/14399 is not exist
06/03/2019 03:02:23 INFO: https://wikileaks.org/hbgary-emails/emailid/14399 SUCCESS
06/03/2019 03:02:23 INFO: the https://wikileaks.org/hbgary-emails/emailid/14493 is not exist
06/03/2019 03:02:26 INFO: https://wikileaks.org/hbgary-emails/emailid/14493 SUCCESS
06/03/2019 03:02:26 INFO: the https://wikileaks.org/hbgary-emails/emailid/14920 is not exist
06/03/2019 03:02:28 INFO: https://wikileaks.org/hbgary-emails/emailid/14920 SUCCESS
06/03/2019 03:02:28 INFO: the https://wikileaks.org/hbgary-emails/emailid/14944 is not exist
06/03/2019 03:02:30 INFO: https://wikileaks.org/hbgary-emails/emailid/14944 SUCCESS
06/03/2019 03:02:30 INFO: the https://wikileaks.org/hbgary-emails/emailid/15046 is not exist
06/03/2019 03:02:32 INFO: https://wikileaks.org/hbgary-emails/emailid/15046 SUCCESS
06/03/2019 03:02:32 INFO: the https://wikileaks.org/hbgary-emails/emailid/15425 is not exist
06/03/2019 03:02:34 INFO: https://wikileaks.org/hbgary-emails/emailid/15425 SUCCESS
06/03/2019 03:02:34 INFO: the https://wikileaks.org/hbgary-emails/emailid/15590 is not exist
06/03/2019 03:02:37 INFO: https://wikileaks.org/hbgary-emails/emailid/15590 SUCCESS
06/03/2019 07:56:24 INFO: the http://v6directory.twnic.net.tw/directory.cgi?more=100 is not exist
06/03/2019 07:57:54 WARNING: http://v6directory.twnic.net.tw/directory.cgi?more=100 ERROR 502
06/03/2019 07:58:29 INFO: the http://v6directory.twnic.net.tw/directory.cgi?more=100 is not exist
06/03/2019 07:58:56 INFO: http://v6directory.twnic.net.tw/directory.cgi?more=100 SUCCESS
06/03/2019 08:34:14 INFO: the http://v6directory.twnic.net.tw/directory.cgi?more=100 is not exist
06/03/2019 08:34:23 INFO: http://v6directory.twnic.net.tw/directory.cgi?more=100 SUCCESS
06/03/2019 08:42:03 INFO: the http://v6directory.twnic.net.tw/directory.cgi?more=100 is not exist
06/03/2019 08:42:10 INFO: http://v6directory.twnic.net.tw/directory.cgi?more=100 SUCCESS
06/03/2019 09:15:58 INFO: the http://v6directory.twnic.net.tw/directory.cgi?more=200 is not exist
06/03/2019 09:16:02 INFO: http://v6directory.twnic.net.tw/directory.cgi?more=200 SUCCESS
06/03/2019 09:16:09 INFO: the http://v6directory.twnic.net.tw/directory.cgi?more=300 is not exist
06/03/2019 09:16:14 INFO: http://v6directory.twnic.net.tw/directory.cgi?more=300 SUCCESS
06/03/2019 09:16:21 INFO: the http://v6directory.twnic.net.tw/directory.cgi?more=400 is not exist
06/03/2019 09:16:23 INFO: http://v6directory.twnic.net.tw/directory.cgi?more=400 SUCCESS
06/03/2019 09:16:30 INFO: the http://v6directory.twnic.net.tw/directory.cgi?more=500 is not exist
06/03/2019 09:16:35 INFO: http://v6directory.twnic.net.tw/directory.cgi?more=500 SUCCESS
06/03/2019 09:16:42 INFO: the http://v6directory.twnic.net.tw/directory.cgi?more=600 is not exist
06/03/2019 09:16:48 INFO: http://v6directory.twnic.net.tw/directory.cgi?more=600 SUCCESS
06/03/2019 09:16:55 INFO: the http://v6directory.twnic.net.tw/directory.cgi?more=700 is not exist
06/03/2019 09:17:01 INFO: http://v6directory.twnic.net.tw/directory.cgi?more=700 SUCCESS
06/03/2019 09:17:09 INFO: the http://v6directory.twnic.net.tw/directory.cgi?more=800 is not exist
06/03/2019 09:17:14 INFO: http://v6directory.twnic.net.tw/directory.cgi?more=800 SUCCESS
06/03/2019 09:17:22 INFO: the http://v6directory.twnic.net.tw/directory.cgi?more=900 is not exist
06/03/2019 09:17:27 INFO: http://v6directory.twnic.net.tw/directory.cgi?more=900 SUCCESS
06/03/2019 09:17:34 INFO: the http://v6directory.twnic.net.tw/directory.cgi?more=1000 is not exist
06/03/2019 09:17:41 INFO: http://v6directory.twnic.net.tw/directory.cgi?more=1000 SUCCESS
06/03/2019 09:17:48 INFO: the http://v6directory.twnic.net.tw/directory.cgi?more=1100 is not exist
06/03/2019 09:17:53 INFO: http://v6directory.twnic.net.tw/directory.cgi?more=1100 SUCCESS
06/03/2019 09:18:00 INFO: the http://v6directory.twnic.net.tw/directory.cgi?more=1200 is not exist
06/03/2019 09:18:08 INFO: http://v6directory.twnic.net.tw/directory.cgi?more=1200 SUCCESS
06/03/2019 09:18:15 INFO: the http://v6directory.twnic.net.tw/directory.cgi?more=1300 is not exist
06/03/2019 09:18:20 WARNING: http://v6directory.twnic.net.tw/directory.cgi?more=1300 ERROR 502
06/03/2019 09:20:47 INFO: the http://v6directory.twnic.net.tw/directory.cgi?more=1300 is not exist
06/03/2019 09:21:01 INFO: http://v6directory.twnic.net.tw/directory.cgi?more=1300 SUCCESS
06/03/2019 09:21:01 INFO: the http://v6directory.twnic.net.tw/directory.cgi?more=1400 is not exist
06/03/2019 09:21:38 INFO: the http://v6directory.twnic.net.tw/directory.cgi?more=1400 is not exist
06/03/2019 09:21:47 INFO: http://v6directory.twnic.net.tw/directory.cgi?more=1400 SUCCESS
06/03/2019 09:21:47 INFO: the http://v6directory.twnic.net.tw/directory.cgi?more=1500 is not exist
06/03/2019 09:22:02 INFO: http://v6directory.twnic.net.tw/directory.cgi?more=1500 SUCCESS
06/03/2019 09:22:02 INFO: the http://v6directory.twnic.net.tw/directory.cgi?more=1600 is not exist
06/03/2019 09:22:18 INFO: http://v6directory.twnic.net.tw/directory.cgi?more=1600 SUCCESS
06/03/2019 09:22:18 INFO: the http://v6directory.twnic.net.tw/directory.cgi?more=1700 is not exist
06/03/2019 09:22:30 INFO: http://v6directory.twnic.net.tw/directory.cgi?more=1700 SUCCESS
06/03/2019 09:22:30 INFO: the http://v6directory.twnic.net.tw/directory.cgi?more=1800 is not exist
06/03/2019 09:22:41 INFO: http://v6directory.twnic.net.tw/directory.cgi?more=1800 SUCCESS
06/03/2019 09:22:42 INFO: the http://v6directory.twnic.net.tw/directory.cgi?more=1900 is not exist
06/03/2019 09:22:58 INFO: http://v6directory.twnic.net.tw/directory.cgi?more=1900 SUCCESS
06/03/2019 09:22:59 INFO: the http://v6directory.twnic.net.tw/directory.cgi?more=2000 is not exist
06/03/2019 09:23:22 INFO: http://v6directory.twnic.net.tw/directory.cgi?more=2000 SUCCESS
06/03/2019 09:23:22 INFO: the http://v6directory.twnic.net.tw/directory.cgi?more=2100 is not exist
06/03/2019 09:23:36 INFO: http://v6directory.twnic.net.tw/directory.cgi?more=2100 SUCCESS
06/03/2019 09:23:36 INFO: the http://v6directory.twnic.net.tw/directory.cgi?more=2200 is not exist
06/03/2019 09:23:50 INFO: http://v6directory.twnic.net.tw/directory.cgi?more=2200 SUCCESS
06/03/2019 09:23:50 INFO: the http://v6directory.twnic.net.tw/directory.cgi?more=2300 is not exist
06/03/2019 09:24:05 INFO: http://v6directory.twnic.net.tw/directory.cgi?more=2300 SUCCESS
06/03/2019 09:24:05 INFO: the http://v6directory.twnic.net.tw/directory.cgi?more=2400 is not exist
06/03/2019 09:24:19 INFO: http://v6directory.twnic.net.tw/directory.cgi?more=2400 SUCCESS
06/03/2019 09:24:19 INFO: the http://v6directory.twnic.net.tw/directory.cgi?more=2500 is not exist
06/03/2019 09:24:34 INFO: http://v6directory.twnic.net.tw/directory.cgi?more=2500 SUCCESS
06/03/2019 09:24:34 INFO: the http://v6directory.twnic.net.tw/directory.cgi?more=2600 is not exist
06/03/2019 09:24:45 INFO: http://v6directory.twnic.net.tw/directory.cgi?more=2600 SUCCESS
06/03/2019 09:24:45 INFO: the http://v6directory.twnic.net.tw/directory.cgi?more=2700 is not exist
06/03/2019 09:24:58 INFO: http://v6directory.twnic.net.tw/directory.cgi?more=2700 SUCCESS
06/03/2019 09:24:58 INFO: the http://v6directory.twnic.net.tw/directory.cgi?more=2800 is not exist
06/03/2019 09:25:09 INFO: http://v6directory.twnic.net.tw/directory.cgi?more=2800 SUCCESS
06/03/2019 09:25:09 INFO: the http://v6directory.twnic.net.tw/directory.cgi?more=2900 is not exist
06/03/2019 09:25:21 INFO: http://v6directory.twnic.net.tw/directory.cgi?more=2900 SUCCESS
06/03/2019 09:25:21 INFO: the http://v6directory.twnic.net.tw/directory.cgi?more=3000 is not exist
06/03/2019 09:25:39 INFO: http://v6directory.twnic.net.tw/directory.cgi?more=3000 SUCCESS
06/03/2019 09:25:39 INFO: the http://v6directory.twnic.net.tw/directory.cgi?more=3100 is not exist
06/03/2019 09:25:51 INFO: http://v6directory.twnic.net.tw/directory.cgi?more=3100 SUCCESS
06/03/2019 09:25:51 INFO: the http://v6directory.twnic.net.tw/directory.cgi?more=3200 is not exist
06/03/2019 09:26:05 INFO: http://v6directory.twnic.net.tw/directory.cgi?more=3200 SUCCESS
06/03/2019 09:26:05 INFO: the http://v6directory.twnic.net.tw/directory.cgi?more=3300 is not exist
06/03/2019 09:26:17 INFO: http://v6directory.twnic.net.tw/directory.cgi?more=3300 SUCCESS
06/03/2019 09:26:17 INFO: the http://v6directory.twnic.net.tw/directory.cgi?more=3400 is not exist
06/03/2019 09:26:31 INFO: http://v6directory.twnic.net.tw/directory.cgi?more=3400 SUCCESS
06/03/2019 09:26:31 INFO: the http://v6directory.twnic.net.tw/directory.cgi?more=3500 is not exist
06/03/2019 09:26:50 INFO: http://v6directory.twnic.net.tw/directory.cgi?more=3500 SUCCESS
06/03/2019 09:26:50 INFO: the http://v6directory.twnic.net.tw/directory.cgi?more=3600 is not exist
06/03/2019 09:27:02 INFO: http://v6directory.twnic.net.tw/directory.cgi?more=3600 SUCCESS
06/03/2019 09:27:02 INFO: the http://v6directory.twnic.net.tw/directory.cgi?more=3700 is not exist
06/03/2019 09:27:15 INFO: http://v6directory.twnic.net.tw/directory.cgi?more=3700 SUCCESS
06/03/2019 09:27:15 INFO: the http://v6directory.twnic.net.tw/directory.cgi?more=3800 is not exist
06/03/2019 09:27:26 INFO: http://v6directory.twnic.net.tw/directory.cgi?more=3800 SUCCESS
06/03/2019 09:27:26 INFO: the http://v6directory.twnic.net.tw/directory.cgi?more=3900 is not exist
06/03/2019 09:27:39 INFO: http://v6directory.twnic.net.tw/directory.cgi?more=3900 SUCCESS
06/03/2019 09:27:40 INFO: the http://v6directory.twnic.net.tw/directory.cgi?more=4000 is not exist
06/03/2019 09:27:55 INFO: http://v6directory.twnic.net.tw/directory.cgi?more=4000 SUCCESS
06/03/2019 09:27:55 INFO: the http://v6directory.twnic.net.tw/directory.cgi?more=4100 is not exist
06/03/2019 09:28:08 INFO: http://v6directory.twnic.net.tw/directory.cgi?more=4100 SUCCESS
06/03/2019 09:28:08 INFO: the http://v6directory.twnic.net.tw/directory.cgi?more=4200 is not exist
06/03/2019 09:28:21 INFO: http://v6directory.twnic.net.tw/directory.cgi?more=4200 SUCCESS
06/03/2019 09:28:21 INFO: the http://v6directory.twnic.net.tw/directory.cgi?more=4300 is not exist
06/03/2019 09:28:32 INFO: http://v6directory.twnic.net.tw/directory.cgi?more=4300 SUCCESS
06/03/2019 09:28:32 INFO: the http://v6directory.twnic.net.tw/directory.cgi?more=4400 is not exist
06/03/2019 09:28:43 INFO: http://v6directory.twnic.net.tw/directory.cgi?more=4400 SUCCESS
06/03/2019 09:28:44 INFO: the http://v6directory.twnic.net.tw/directory.cgi?more=4500 is not exist
06/03/2019 09:28:56 INFO: http://v6directory.twnic.net.tw/directory.cgi?more=4500 SUCCESS
06/03/2019 09:28:56 INFO: the http://v6directory.twnic.net.tw/directory.cgi?more=4600 is not exist
06/03/2019 09:29:13 INFO: http://v6directory.twnic.net.tw/directory.cgi?more=4600 SUCCESS
06/03/2019 09:29:13 INFO: the http://v6directory.twnic.net.tw/directory.cgi?more=4700 is not exist
06/03/2019 09:29:23 INFO: http://v6directory.twnic.net.tw/directory.cgi?more=4700 SUCCESS
06/03/2019 09:29:23 INFO: the http://v6directory.twnic.net.tw/directory.cgi?more=4800 is not exist
06/03/2019 09:29:33 INFO: http://v6directory.twnic.net.tw/directory.cgi?more=4800 SUCCESS
06/03/2019 09:29:33 INFO: the http://v6directory.twnic.net.tw/directory.cgi?more=4900 is not exist
06/03/2019 09:29:45 INFO: http://v6directory.twnic.net.tw/directory.cgi?more=4900 SUCCESS
06/03/2019 09:29:45 INFO: the http://v6directory.twnic.net.tw/directory.cgi?more=5000 is not exist
06/03/2019 09:29:55 INFO: http://v6directory.twnic.net.tw/directory.cgi?more=5000 SUCCESS
06/03/2019 09:29:55 INFO: the http://v6directory.twnic.net.tw/directory.cgi?more=5100 is not exist
06/03/2019 09:30:11 INFO: http://v6directory.twnic.net.tw/directory.cgi?more=5100 SUCCESS
06/03/2019 09:30:11 INFO: the http://v6directory.twnic.net.tw/directory.cgi?more=5200 is not exist
06/03/2019 09:30:22 INFO: http://v6directory.twnic.net.tw/directory.cgi?more=5200 SUCCESS
06/03/2019 09:30:22 INFO: the http://v6directory.twnic.net.tw/directory.cgi?more=5300 is not exist
06/03/2019 09:30:30 INFO: http://v6directory.twnic.net.tw/directory.cgi?more=5300 SUCCESS
06/03/2019 09:30:30 INFO: the http://v6directory.twnic.net.tw/directory.cgi?more=5400 is not exist
06/03/2019 09:30:39 INFO: http://v6directory.twnic.net.tw/directory.cgi?more=5400 SUCCESS
06/03/2019 09:30:39 INFO: the http://v6directory.twnic.net.tw/directory.cgi?more=5500 is not exist
06/03/2019 09:30:50 INFO: http://v6directory.twnic.net.tw/directory.cgi?more=5500 SUCCESS
06/03/2019 09:30:50 INFO: the http://v6directory.twnic.net.tw/directory.cgi?more=5600 is not exist
06/03/2019 09:31:01 INFO: http://v6directory.twnic.net.tw/directory.cgi?more=5600 SUCCESS
06/03/2019 09:31:02 INFO: the http://v6directory.twnic.net.tw/directory.cgi?more=5700 is not exist
06/03/2019 09:31:11 INFO: http://v6directory.twnic.net.tw/directory.cgi?more=5700 SUCCESS
06/03/2019 09:31:11 INFO: the http://v6directory.twnic.net.tw/directory.cgi?more=5800 is not exist
06/03/2019 09:31:21 INFO: http://v6directory.twnic.net.tw/directory.cgi?more=5800 SUCCESS
06/03/2019 09:31:21 INFO: the http://v6directory.twnic.net.tw/directory.cgi?more=5900 is not exist
06/03/2019 09:31:32 INFO: http://v6directory.twnic.net.tw/directory.cgi?more=5900 SUCCESS
06/03/2019 09:31:32 INFO: the http://v6directory.twnic.net.tw/directory.cgi?more=6000 is not exist
06/03/2019 09:31:40 INFO: http://v6directory.twnic.net.tw/directory.cgi?more=6000 SUCCESS
06/03/2019 09:31:40 INFO: the http://v6directory.twnic.net.tw/directory.cgi?more=6100 is not exist
06/03/2019 09:31:48 INFO: http://v6directory.twnic.net.tw/directory.cgi?more=6100 SUCCESS
06/03/2019 09:31:49 INFO: the http://v6directory.twnic.net.tw/directory.cgi?more=6200 is not exist
06/03/2019 09:31:56 INFO: http://v6directory.twnic.net.tw/directory.cgi?more=6200 SUCCESS
06/03/2019 09:31:57 INFO: the http://v6directory.twnic.net.tw/directory.cgi?more=6300 is not exist
06/03/2019 09:32:04 INFO: http://v6directory.twnic.net.tw/directory.cgi?more=6300 SUCCESS
06/03/2019 09:32:04 INFO: the http://v6directory.twnic.net.tw/directory.cgi?more=6400 is not exist
06/03/2019 09:32:13 INFO: http://v6directory.twnic.net.tw/directory.cgi?more=6400 SUCCESS
06/03/2019 09:32:13 INFO: the http://v6directory.twnic.net.tw/directory.cgi?more=6500 is not exist
06/03/2019 09:32:22 INFO: http://v6directory.twnic.net.tw/directory.cgi?more=6500 SUCCESS
06/03/2019 09:32:22 INFO: the http://v6directory.twnic.net.tw/directory.cgi?more=6600 is not exist
06/03/2019 09:32:30 INFO: http://v6directory.twnic.net.tw/directory.cgi?more=6600 SUCCESS
06/03/2019 09:32:30 INFO: the http://v6directory.twnic.net.tw/directory.cgi?more=6700 is not exist
06/03/2019 09:32:41 INFO: http://v6directory.twnic.net.tw/directory.cgi?more=6700 SUCCESS
06/03/2019 09:32:41 INFO: the http://v6directory.twnic.net.tw/directory.cgi?more=6800 is not exist
06/03/2019 09:32:50 INFO: http://v6directory.twnic.net.tw/directory.cgi?more=6800 SUCCESS
06/03/2019 09:32:50 INFO: the http://v6directory.twnic.net.tw/directory.cgi?more=6900 is not exist
06/03/2019 09:33:03 INFO: http://v6directory.twnic.net.tw/directory.cgi?more=6900 SUCCESS
06/03/2019 09:33:03 INFO: the http://v6directory.twnic.net.tw/directory.cgi?more=7000 is not exist
06/03/2019 09:33:13 INFO: http://v6directory.twnic.net.tw/directory.cgi?more=7000 SUCCESS
06/03/2019 09:33:13 INFO: the http://v6directory.twnic.net.tw/directory.cgi?more=7100 is not exist
06/03/2019 09:33:24 INFO: http://v6directory.twnic.net.tw/directory.cgi?more=7100 SUCCESS
06/03/2019 09:33:24 INFO: the http://v6directory.twnic.net.tw/directory.cgi?more=7200 is not exist
06/03/2019 09:33:34 INFO: http://v6directory.twnic.net.tw/directory.cgi?more=7200 SUCCESS
06/03/2019 09:33:34 INFO: the http://v6directory.twnic.net.tw/directory.cgi?more=7300 is not exist
06/03/2019 09:33:50 INFO: http://v6directory.twnic.net.tw/directory.cgi?more=7300 SUCCESS
06/03/2019 09:33:50 INFO: the http://v6directory.twnic.net.tw/directory.cgi?more=7400 is not exist
06/03/2019 09:34:03 INFO: http://v6directory.twnic.net.tw/directory.cgi?more=7400 SUCCESS
06/03/2019 09:34:03 INFO: the http://v6directory.twnic.net.tw/directory.cgi?more=7500 is not exist
06/03/2019 09:34:14 INFO: http://v6directory.twnic.net.tw/directory.cgi?more=7500 SUCCESS
06/03/2019 09:34:14 INFO: the http://v6directory.twnic.net.tw/directory.cgi?more=7600 is not exist
06/03/2019 09:34:25 INFO: http://v6directory.twnic.net.tw/directory.cgi?more=7600 SUCCESS
06/03/2019 09:34:25 INFO: the http://v6directory.twnic.net.tw/directory.cgi?more=7700 is not exist
06/03/2019 09:34:36 INFO: http://v6directory.twnic.net.tw/directory.cgi?more=7700 SUCCESS
06/03/2019 09:34:36 INFO: the http://v6directory.twnic.net.tw/directory.cgi?more=7800 is not exist
06/03/2019 09:34:47 INFO: http://v6directory.twnic.net.tw/directory.cgi?more=7800 SUCCESS
06/03/2019 09:34:47 INFO: the http://v6directory.twnic.net.tw/directory.cgi?more=7900 is not exist
06/03/2019 09:35:01 INFO: http://v6directory.twnic.net.tw/directory.cgi?more=7900 SUCCESS
06/03/2019 09:35:01 INFO: the http://v6directory.twnic.net.tw/directory.cgi?more=8000 is not exist
06/03/2019 09:35:12 INFO: http://v6directory.twnic.net.tw/directory.cgi?more=8000 SUCCESS
06/03/2019 09:35:12 INFO: the http://v6directory.twnic.net.tw/directory.cgi?more=8100 is not exist
06/03/2019 09:35:18 INFO: http://v6directory.twnic.net.tw/directory.cgi?more=8100 SUCCESS
06/03/2019 09:35:18 INFO: the http://v6directory.twnic.net.tw/directory.cgi?more=8200 is not exist
06/03/2019 09:35:24 INFO: http://v6directory.twnic.net.tw/directory.cgi?more=8200 SUCCESS
06/03/2019 09:35:24 INFO: the http://v6directory.twnic.net.tw/directory.cgi?more=8300 is not exist
06/03/2019 09:35:34 INFO: http://v6directory.twnic.net.tw/directory.cgi?more=8300 SUCCESS
06/03/2019 09:35:34 INFO: the http://v6directory.twnic.net.tw/directory.cgi?more=8400 is not exist
06/03/2019 09:35:44 INFO: http://v6directory.twnic.net.tw/directory.cgi?more=8400 SUCCESS
06/03/2019 09:35:44 INFO: the http://v6directory.twnic.net.tw/directory.cgi?more=8500 is not exist
06/03/2019 09:35:56 INFO: http://v6directory.twnic.net.tw/directory.cgi?more=8500 SUCCESS
06/03/2019 09:35:56 INFO: the http://v6directory.twnic.net.tw/directory.cgi?more=8600 is not exist
06/03/2019 09:36:16 INFO: http://v6directory.twnic.net.tw/directory.cgi?more=8600 SUCCESS
06/03/2019 09:36:16 INFO: the http://v6directory.twnic.net.tw/directory.cgi?more=8700 is not exist
06/03/2019 09:36:26 INFO: http://v6directory.twnic.net.tw/directory.cgi?more=8700 SUCCESS
06/03/2019 09:36:26 INFO: the http://v6directory.twnic.net.tw/directory.cgi?more=8800 is not exist
06/03/2019 09:36:37 INFO: http://v6directory.twnic.net.tw/directory.cgi?more=8800 SUCCESS
06/03/2019 09:36:37 INFO: the http://v6directory.twnic.net.tw/directory.cgi?more=8900 is not exist
06/03/2019 09:36:46 INFO: http://v6directory.twnic.net.tw/directory.cgi?more=8900 SUCCESS
06/03/2019 09:36:46 INFO: the http://v6directory.twnic.net.tw/directory.cgi?more=9000 is not exist
06/03/2019 09:36:57 INFO: http://v6directory.twnic.net.tw/directory.cgi?more=9000 SUCCESS
06/03/2019 09:36:57 INFO: the http://v6directory.twnic.net.tw/directory.cgi?more=9100 is not exist
06/03/2019 09:37:08 INFO: http://v6directory.twnic.net.tw/directory.cgi?more=9100 SUCCESS
06/03/2019 09:37:08 INFO: the http://v6directory.twnic.net.tw/directory.cgi?more=9200 is not exist
06/03/2019 09:37:20 INFO: http://v6directory.twnic.net.tw/directory.cgi?more=9200 SUCCESS
06/03/2019 09:37:20 INFO: the http://v6directory.twnic.net.tw/directory.cgi?more=9300 is not exist
06/03/2019 09:37:30 INFO: http://v6directory.twnic.net.tw/directory.cgi?more=9300 SUCCESS
06/03/2019 09:37:30 INFO: the http://v6directory.twnic.net.tw/directory.cgi?more=9400 is not exist
06/03/2019 09:37:40 INFO: http://v6directory.twnic.net.tw/directory.cgi?more=9400 SUCCESS
06/03/2019 09:37:40 INFO: the http://v6directory.twnic.net.tw/directory.cgi?more=9500 is not exist
06/03/2019 09:37:50 INFO: http://v6directory.twnic.net.tw/directory.cgi?more=9500 SUCCESS
06/03/2019 09:37:50 INFO: the http://v6directory.twnic.net.tw/directory.cgi?more=9600 is not exist
06/03/2019 09:37:59 INFO: http://v6directory.twnic.net.tw/directory.cgi?more=9600 SUCCESS
06/03/2019 09:37:59 INFO: the http://v6directory.twnic.net.tw/directory.cgi?more=9700 is not exist
06/03/2019 09:38:09 INFO: http://v6directory.twnic.net.tw/directory.cgi?more=9700 SUCCESS
06/03/2019 09:38:09 INFO: the http://v6directory.twnic.net.tw/directory.cgi?more=9800 is not exist
06/03/2019 09:38:18 INFO: http://v6directory.twnic.net.tw/directory.cgi?more=9800 SUCCESS
06/03/2019 09:38:18 INFO: the http://v6directory.twnic.net.tw/directory.cgi?more=9900 is not exist
06/03/2019 09:38:29 INFO: http://v6directory.twnic.net.tw/directory.cgi?more=9900 SUCCESS
06/03/2019 09:38:29 INFO: the http://v6directory.twnic.net.tw/directory.cgi?more=10000 is not exist
06/03/2019 09:38:38 INFO: http://v6directory.twnic.net.tw/directory.cgi?more=10000 SUCCESS
06/03/2019 09:38:38 INFO: the http://v6directory.twnic.net.tw/directory.cgi?more=10100 is not exist
06/03/2019 09:38:45 INFO: http://v6directory.twnic.net.tw/directory.cgi?more=10100 SUCCESS
06/03/2019 09:38:45 INFO: the http://v6directory.twnic.net.tw/directory.cgi?more=10200 is not exist
06/03/2019 09:38:55 INFO: http://v6directory.twnic.net.tw/directory.cgi?more=10200 SUCCESS
06/03/2019 09:38:55 INFO: the http://v6directory.twnic.net.tw/directory.cgi?more=10300 is not exist
06/03/2019 09:39:04 INFO: http://v6directory.twnic.net.tw/directory.cgi?more=10300 SUCCESS
06/03/2019 09:39:05 INFO: the http://v6directory.twnic.net.tw/directory.cgi?more=10400 is not exist
06/03/2019 09:39:14 INFO: http://v6directory.twnic.net.tw/directory.cgi?more=10400 SUCCESS
06/03/2019 09:39:14 INFO: the http://v6directory.twnic.net.tw/directory.cgi?more=10500 is not exist
06/03/2019 09:39:25 INFO: http://v6directory.twnic.net.tw/directory.cgi?more=10500 SUCCESS
06/03/2019 09:39:25 INFO: the http://v6directory.twnic.net.tw/directory.cgi?more=10600 is not exist
06/03/2019 09:39:37 INFO: http://v6directory.twnic.net.tw/directory.cgi?more=10600 SUCCESS
06/03/2019 09:39:37 INFO: the http://v6directory.twnic.net.tw/directory.cgi?more=10700 is not exist
06/03/2019 09:39:50 INFO: http://v6directory.twnic.net.tw/directory.cgi?more=10700 SUCCESS
06/03/2019 09:39:50 INFO: the http://v6directory.twnic.net.tw/directory.cgi?more=10800 is not exist
06/03/2019 09:40:01 INFO: http://v6directory.twnic.net.tw/directory.cgi?more=10800 SUCCESS
06/03/2019 09:40:01 INFO: the http://v6directory.twnic.net.tw/directory.cgi?more=10900 is not exist
06/03/2019 09:40:14 INFO: http://v6directory.twnic.net.tw/directory.cgi?more=10900 SUCCESS
06/03/2019 09:40:14 INFO: the http://v6directory.twnic.net.tw/directory.cgi?more=11000 is not exist
06/03/2019 09:40:27 INFO: http://v6directory.twnic.net.tw/directory.cgi?more=11000 SUCCESS
06/03/2019 09:40:27 INFO: the http://v6directory.twnic.net.tw/directory.cgi?more=11100 is not exist
06/03/2019 09:40:39 INFO: http://v6directory.twnic.net.tw/directory.cgi?more=11100 SUCCESS
06/03/2019 09:40:39 INFO: the http://v6directory.twnic.net.tw/directory.cgi?more=11200 is not exist
06/03/2019 09:40:55 INFO: http://v6directory.twnic.net.tw/directory.cgi?more=11200 SUCCESS
06/03/2019 09:40:55 INFO: the http://v6directory.twnic.net.tw/directory.cgi?more=11300 is not exist
06/03/2019 09:41:05 INFO: http://v6directory.twnic.net.tw/directory.cgi?more=11300 SUCCESS
06/03/2019 09:41:05 INFO: the http://v6directory.twnic.net.tw/directory.cgi?more=11400 is not exist
06/03/2019 09:41:17 INFO: http://v6directory.twnic.net.tw/directory.cgi?more=11400 SUCCESS
06/03/2019 09:41:17 INFO: the http://v6directory.twnic.net.tw/directory.cgi?more=11500 is not exist
06/03/2019 09:41:30 INFO: http://v6directory.twnic.net.tw/directory.cgi?more=11500 SUCCESS
06/03/2019 09:41:30 INFO: the http://v6directory.twnic.net.tw/directory.cgi?more=11600 is not exist
06/03/2019 09:41:40 INFO: http://v6directory.twnic.net.tw/directory.cgi?more=11600 SUCCESS
06/03/2019 09:41:40 INFO: the http://v6directory.twnic.net.tw/directory.cgi?more=11700 is not exist
06/03/2019 09:41:52 INFO: http://v6directory.twnic.net.tw/directory.cgi?more=11700 SUCCESS
06/03/2019 09:41:52 INFO: the http://v6directory.twnic.net.tw/directory.cgi?more=11800 is not exist
06/03/2019 09:42:09 INFO: http://v6directory.twnic.net.tw/directory.cgi?more=11800 SUCCESS
06/03/2019 09:42:09 INFO: the http://v6directory.twnic.net.tw/directory.cgi?more=11900 is not exist
06/03/2019 09:42:23 INFO: http://v6directory.twnic.net.tw/directory.cgi?more=11900 SUCCESS
06/03/2019 09:42:23 INFO: the http://v6directory.twnic.net.tw/directory.cgi?more=12000 is not exist
06/03/2019 09:42:34 INFO: http://v6directory.twnic.net.tw/directory.cgi?more=12000 SUCCESS
